:: loading settings :: url = jar:file:/opt/bitnami/spark/jars/ivy-2.5.0.jar!/org/apache/ivy/core/settings/ivysettings.xml
Ivy Default Cache set to: /root/.ivy2/cache
The jars for the packages stored in: /root/.ivy2/jars
org.apache.spark#spark-sql-kafka-0-10_2.12 added as a dependency
:: resolving dependencies :: org.apache.spark#spark-submit-parent-343078f2-e40a-4e32-ada3-82a95edd1d80;1.0
	confs: [default]
	found org.apache.spark#spark-sql-kafka-0-10_2.12;3.1.2 in central
	found org.apache.spark#spark-token-provider-kafka-0-10_2.12;3.1.2 in central
	found org.apache.kafka#kafka-clients;2.6.0 in central
	found com.github.luben#zstd-jni;1.4.8-1 in central
	found org.lz4#lz4-java;1.7.1 in central
	found org.xerial.snappy#snappy-java;1.1.8.2 in central
	found org.slf4j#slf4j-api;1.7.30 in central
	found org.spark-project.spark#unused;1.0.0 in central
	found org.apache.commons#commons-pool2;2.6.2 in central
:: resolution report :: resolve 918ms :: artifacts dl 38ms
	:: modules in use:
	com.github.luben#zstd-jni;1.4.8-1 from central in [default]
	org.apache.commons#commons-pool2;2.6.2 from central in [default]
	org.apache.kafka#kafka-clients;2.6.0 from central in [default]
	org.apache.spark#spark-sql-kafka-0-10_2.12;3.1.2 from central in [default]
	org.apache.spark#spark-token-provider-kafka-0-10_2.12;3.1.2 from central in [default]
	org.lz4#lz4-java;1.7.1 from central in [default]
	org.slf4j#slf4j-api;1.7.30 from central in [default]
	org.spark-project.spark#unused;1.0.0 from central in [default]
	org.xerial.snappy#snappy-java;1.1.8.2 from central in [default]
	---------------------------------------------------------------------
	|                  |            modules            ||   artifacts   |
	|       conf       | number| search|dwnlded|evicted|| number|dwnlded|
	---------------------------------------------------------------------
	|      default     |   9   |   0   |   0   |   0   ||   9   |   0   |
	---------------------------------------------------------------------
:: retrieving :: org.apache.spark#spark-submit-parent-343078f2-e40a-4e32-ada3-82a95edd1d80
	confs: [default]
	0 artifacts copied, 9 already retrieved (0kB/23ms)
22/09/01 04:27:38 WARN NativeCodeLoader: Unable to load native-hadoop library for your platform... using builtin-java classes where applicable
Using Spark's default log4j profile: org/apache/spark/log4j-defaults.properties
22/09/01 04:27:40 INFO SparkContext: Running Spark version 3.2.1
22/09/01 04:27:40 INFO ResourceUtils: ==============================================================
22/09/01 04:27:40 INFO ResourceUtils: No custom resources configured for spark.driver.
22/09/01 04:27:40 INFO ResourceUtils: ==============================================================
22/09/01 04:27:40 INFO SparkContext: Submitted application: customer-record
22/09/01 04:27:40 INFO ResourceProfile: Default ResourceProfile created, executor resources: Map(cores -> name: cores, amount: 1, script: , vendor: , memory -> name: memory, amount: 1024, script: , vendor: , offHeap -> name: offHeap, amount: 0, script: , vendor: ), task resources: Map(cpus -> name: cpus, amount: 1.0)
22/09/01 04:27:40 INFO ResourceProfile: Limiting resource is cpu
22/09/01 04:27:40 INFO ResourceProfileManager: Added ResourceProfile id: 0
22/09/01 04:27:40 INFO SecurityManager: Changing view acls to: root
22/09/01 04:27:40 INFO SecurityManager: Changing modify acls to: root
22/09/01 04:27:40 INFO SecurityManager: Changing view acls groups to: 
22/09/01 04:27:40 INFO SecurityManager: Changing modify acls groups to: 
22/09/01 04:27:40 INFO SecurityManager: SecurityManager: authentication disabled; ui acls disabled; users  with view permissions: Set(root); groups with view permissions: Set(); users  with modify permissions: Set(root); groups with modify permissions: Set()
22/09/01 04:27:40 INFO Utils: Successfully started service 'sparkDriver' on port 36199.
22/09/01 04:27:40 INFO SparkEnv: Registering MapOutputTracker
22/09/01 04:27:40 INFO SparkEnv: Registering BlockManagerMaster
22/09/01 04:27:41 INFO BlockManagerMasterEndpoint: Using org.apache.spark.storage.DefaultTopologyMapper for getting topology information
22/09/01 04:27:41 INFO BlockManagerMasterEndpoint: BlockManagerMasterEndpoint up
22/09/01 04:27:41 INFO SparkEnv: Registering BlockManagerMasterHeartbeat
22/09/01 04:27:41 INFO DiskBlockManager: Created local directory at /tmp/blockmgr-ca968754-9a90-4a79-879b-caf79e2ceebb
22/09/01 04:27:41 INFO MemoryStore: MemoryStore started with capacity 366.3 MiB
22/09/01 04:27:41 INFO SparkEnv: Registering OutputCommitCoordinator
22/09/01 04:27:41 INFO Utils: Successfully started service 'SparkUI' on port 4040.
22/09/01 04:27:41 INFO SparkUI: Bound SparkUI to 0.0.0.0, and started at http://7f694eecfe0f:4040
22/09/01 04:27:41 INFO SparkContext: Added JAR file:///root/.ivy2/jars/org.apache.spark_spark-sql-kafka-0-10_2.12-3.1.2.jar at spark://7f694eecfe0f:36199/jars/org.apache.spark_spark-sql-kafka-0-10_2.12-3.1.2.jar with timestamp 1662006460122
22/09/01 04:27:41 INFO SparkContext: Added JAR file:///root/.ivy2/jars/org.apache.spark_spark-token-provider-kafka-0-10_2.12-3.1.2.jar at spark://7f694eecfe0f:36199/jars/org.apache.spark_spark-token-provider-kafka-0-10_2.12-3.1.2.jar with timestamp 1662006460122
22/09/01 04:27:41 INFO SparkContext: Added JAR file:///root/.ivy2/jars/org.apache.kafka_kafka-clients-2.6.0.jar at spark://7f694eecfe0f:36199/jars/org.apache.kafka_kafka-clients-2.6.0.jar with timestamp 1662006460122
22/09/01 04:27:41 INFO SparkContext: Added JAR file:///root/.ivy2/jars/org.apache.commons_commons-pool2-2.6.2.jar at spark://7f694eecfe0f:36199/jars/org.apache.commons_commons-pool2-2.6.2.jar with timestamp 1662006460122
22/09/01 04:27:41 INFO SparkContext: Added JAR file:///root/.ivy2/jars/org.spark-project.spark_unused-1.0.0.jar at spark://7f694eecfe0f:36199/jars/org.spark-project.spark_unused-1.0.0.jar with timestamp 1662006460122
22/09/01 04:27:41 INFO SparkContext: Added JAR file:///root/.ivy2/jars/com.github.luben_zstd-jni-1.4.8-1.jar at spark://7f694eecfe0f:36199/jars/com.github.luben_zstd-jni-1.4.8-1.jar with timestamp 1662006460122
22/09/01 04:27:41 INFO SparkContext: Added JAR file:///root/.ivy2/jars/org.lz4_lz4-java-1.7.1.jar at spark://7f694eecfe0f:36199/jars/org.lz4_lz4-java-1.7.1.jar with timestamp 1662006460122
22/09/01 04:27:41 INFO SparkContext: Added JAR file:///root/.ivy2/jars/org.xerial.snappy_snappy-java-1.1.8.2.jar at spark://7f694eecfe0f:36199/jars/org.xerial.snappy_snappy-java-1.1.8.2.jar with timestamp 1662006460122
22/09/01 04:27:41 INFO SparkContext: Added JAR file:///root/.ivy2/jars/org.slf4j_slf4j-api-1.7.30.jar at spark://7f694eecfe0f:36199/jars/org.slf4j_slf4j-api-1.7.30.jar with timestamp 1662006460122
22/09/01 04:27:41 INFO SparkContext: Added file file:///root/.ivy2/jars/org.apache.spark_spark-sql-kafka-0-10_2.12-3.1.2.jar at file:///root/.ivy2/jars/org.apache.spark_spark-sql-kafka-0-10_2.12-3.1.2.jar with timestamp 1662006460122
22/09/01 04:27:41 INFO Utils: Copying /root/.ivy2/jars/org.apache.spark_spark-sql-kafka-0-10_2.12-3.1.2.jar to /tmp/spark-bfe5448d-df90-4a8f-938f-f116231ebb35/userFiles-1a579dbe-1d4b-405f-8ee8-a92d864cc8f0/org.apache.spark_spark-sql-kafka-0-10_2.12-3.1.2.jar
22/09/01 04:27:41 INFO SparkContext: Added file file:///root/.ivy2/jars/org.apache.spark_spark-token-provider-kafka-0-10_2.12-3.1.2.jar at file:///root/.ivy2/jars/org.apache.spark_spark-token-provider-kafka-0-10_2.12-3.1.2.jar with timestamp 1662006460122
22/09/01 04:27:41 INFO Utils: Copying /root/.ivy2/jars/org.apache.spark_spark-token-provider-kafka-0-10_2.12-3.1.2.jar to /tmp/spark-bfe5448d-df90-4a8f-938f-f116231ebb35/userFiles-1a579dbe-1d4b-405f-8ee8-a92d864cc8f0/org.apache.spark_spark-token-provider-kafka-0-10_2.12-3.1.2.jar
22/09/01 04:27:41 INFO SparkContext: Added file file:///root/.ivy2/jars/org.apache.kafka_kafka-clients-2.6.0.jar at file:///root/.ivy2/jars/org.apache.kafka_kafka-clients-2.6.0.jar with timestamp 1662006460122
22/09/01 04:27:41 INFO Utils: Copying /root/.ivy2/jars/org.apache.kafka_kafka-clients-2.6.0.jar to /tmp/spark-bfe5448d-df90-4a8f-938f-f116231ebb35/userFiles-1a579dbe-1d4b-405f-8ee8-a92d864cc8f0/org.apache.kafka_kafka-clients-2.6.0.jar
22/09/01 04:27:41 INFO SparkContext: Added file file:///root/.ivy2/jars/org.apache.commons_commons-pool2-2.6.2.jar at file:///root/.ivy2/jars/org.apache.commons_commons-pool2-2.6.2.jar with timestamp 1662006460122
22/09/01 04:27:41 INFO Utils: Copying /root/.ivy2/jars/org.apache.commons_commons-pool2-2.6.2.jar to /tmp/spark-bfe5448d-df90-4a8f-938f-f116231ebb35/userFiles-1a579dbe-1d4b-405f-8ee8-a92d864cc8f0/org.apache.commons_commons-pool2-2.6.2.jar
22/09/01 04:27:41 INFO SparkContext: Added file file:///root/.ivy2/jars/org.spark-project.spark_unused-1.0.0.jar at file:///root/.ivy2/jars/org.spark-project.spark_unused-1.0.0.jar with timestamp 1662006460122
22/09/01 04:27:41 INFO Utils: Copying /root/.ivy2/jars/org.spark-project.spark_unused-1.0.0.jar to /tmp/spark-bfe5448d-df90-4a8f-938f-f116231ebb35/userFiles-1a579dbe-1d4b-405f-8ee8-a92d864cc8f0/org.spark-project.spark_unused-1.0.0.jar
22/09/01 04:27:41 INFO SparkContext: Added file file:///root/.ivy2/jars/com.github.luben_zstd-jni-1.4.8-1.jar at file:///root/.ivy2/jars/com.github.luben_zstd-jni-1.4.8-1.jar with timestamp 1662006460122
22/09/01 04:27:41 INFO Utils: Copying /root/.ivy2/jars/com.github.luben_zstd-jni-1.4.8-1.jar to /tmp/spark-bfe5448d-df90-4a8f-938f-f116231ebb35/userFiles-1a579dbe-1d4b-405f-8ee8-a92d864cc8f0/com.github.luben_zstd-jni-1.4.8-1.jar
22/09/01 04:27:41 INFO SparkContext: Added file file:///root/.ivy2/jars/org.lz4_lz4-java-1.7.1.jar at file:///root/.ivy2/jars/org.lz4_lz4-java-1.7.1.jar with timestamp 1662006460122
22/09/01 04:27:41 INFO Utils: Copying /root/.ivy2/jars/org.lz4_lz4-java-1.7.1.jar to /tmp/spark-bfe5448d-df90-4a8f-938f-f116231ebb35/userFiles-1a579dbe-1d4b-405f-8ee8-a92d864cc8f0/org.lz4_lz4-java-1.7.1.jar
22/09/01 04:27:41 INFO SparkContext: Added file file:///root/.ivy2/jars/org.xerial.snappy_snappy-java-1.1.8.2.jar at file:///root/.ivy2/jars/org.xerial.snappy_snappy-java-1.1.8.2.jar with timestamp 1662006460122
22/09/01 04:27:41 INFO Utils: Copying /root/.ivy2/jars/org.xerial.snappy_snappy-java-1.1.8.2.jar to /tmp/spark-bfe5448d-df90-4a8f-938f-f116231ebb35/userFiles-1a579dbe-1d4b-405f-8ee8-a92d864cc8f0/org.xerial.snappy_snappy-java-1.1.8.2.jar
22/09/01 04:27:41 INFO SparkContext: Added file file:///root/.ivy2/jars/org.slf4j_slf4j-api-1.7.30.jar at file:///root/.ivy2/jars/org.slf4j_slf4j-api-1.7.30.jar with timestamp 1662006460122
22/09/01 04:27:41 INFO Utils: Copying /root/.ivy2/jars/org.slf4j_slf4j-api-1.7.30.jar to /tmp/spark-bfe5448d-df90-4a8f-938f-f116231ebb35/userFiles-1a579dbe-1d4b-405f-8ee8-a92d864cc8f0/org.slf4j_slf4j-api-1.7.30.jar
22/09/01 04:27:42 INFO Executor: Starting executor ID driver on host 7f694eecfe0f
22/09/01 04:27:42 INFO Executor: Fetching file:///root/.ivy2/jars/org.apache.commons_commons-pool2-2.6.2.jar with timestamp 1662006460122
22/09/01 04:27:42 INFO Utils: /root/.ivy2/jars/org.apache.commons_commons-pool2-2.6.2.jar has been previously copied to /tmp/spark-bfe5448d-df90-4a8f-938f-f116231ebb35/userFiles-1a579dbe-1d4b-405f-8ee8-a92d864cc8f0/org.apache.commons_commons-pool2-2.6.2.jar
22/09/01 04:27:42 INFO Executor: Fetching file:///root/.ivy2/jars/org.lz4_lz4-java-1.7.1.jar with timestamp 1662006460122
22/09/01 04:27:42 INFO Utils: /root/.ivy2/jars/org.lz4_lz4-java-1.7.1.jar has been previously copied to /tmp/spark-bfe5448d-df90-4a8f-938f-f116231ebb35/userFiles-1a579dbe-1d4b-405f-8ee8-a92d864cc8f0/org.lz4_lz4-java-1.7.1.jar
22/09/01 04:27:42 INFO Executor: Fetching file:///root/.ivy2/jars/org.apache.kafka_kafka-clients-2.6.0.jar with timestamp 1662006460122
22/09/01 04:27:42 INFO Utils: /root/.ivy2/jars/org.apache.kafka_kafka-clients-2.6.0.jar has been previously copied to /tmp/spark-bfe5448d-df90-4a8f-938f-f116231ebb35/userFiles-1a579dbe-1d4b-405f-8ee8-a92d864cc8f0/org.apache.kafka_kafka-clients-2.6.0.jar
22/09/01 04:27:42 INFO Executor: Fetching file:///root/.ivy2/jars/org.xerial.snappy_snappy-java-1.1.8.2.jar with timestamp 1662006460122
22/09/01 04:27:42 INFO Utils: /root/.ivy2/jars/org.xerial.snappy_snappy-java-1.1.8.2.jar has been previously copied to /tmp/spark-bfe5448d-df90-4a8f-938f-f116231ebb35/userFiles-1a579dbe-1d4b-405f-8ee8-a92d864cc8f0/org.xerial.snappy_snappy-java-1.1.8.2.jar
22/09/01 04:27:42 INFO Executor: Fetching file:///root/.ivy2/jars/org.spark-project.spark_unused-1.0.0.jar with timestamp 1662006460122
22/09/01 04:27:42 INFO Utils: /root/.ivy2/jars/org.spark-project.spark_unused-1.0.0.jar has been previously copied to /tmp/spark-bfe5448d-df90-4a8f-938f-f116231ebb35/userFiles-1a579dbe-1d4b-405f-8ee8-a92d864cc8f0/org.spark-project.spark_unused-1.0.0.jar
22/09/01 04:27:42 INFO Executor: Fetching file:///root/.ivy2/jars/com.github.luben_zstd-jni-1.4.8-1.jar with timestamp 1662006460122
22/09/01 04:27:42 INFO Utils: /root/.ivy2/jars/com.github.luben_zstd-jni-1.4.8-1.jar has been previously copied to /tmp/spark-bfe5448d-df90-4a8f-938f-f116231ebb35/userFiles-1a579dbe-1d4b-405f-8ee8-a92d864cc8f0/com.github.luben_zstd-jni-1.4.8-1.jar
22/09/01 04:27:42 INFO Executor: Fetching file:///root/.ivy2/jars/org.apache.spark_spark-token-provider-kafka-0-10_2.12-3.1.2.jar with timestamp 1662006460122
22/09/01 04:27:42 INFO Utils: /root/.ivy2/jars/org.apache.spark_spark-token-provider-kafka-0-10_2.12-3.1.2.jar has been previously copied to /tmp/spark-bfe5448d-df90-4a8f-938f-f116231ebb35/userFiles-1a579dbe-1d4b-405f-8ee8-a92d864cc8f0/org.apache.spark_spark-token-provider-kafka-0-10_2.12-3.1.2.jar
22/09/01 04:27:42 INFO Executor: Fetching file:///root/.ivy2/jars/org.apache.spark_spark-sql-kafka-0-10_2.12-3.1.2.jar with timestamp 1662006460122
22/09/01 04:27:42 INFO Utils: /root/.ivy2/jars/org.apache.spark_spark-sql-kafka-0-10_2.12-3.1.2.jar has been previously copied to /tmp/spark-bfe5448d-df90-4a8f-938f-f116231ebb35/userFiles-1a579dbe-1d4b-405f-8ee8-a92d864cc8f0/org.apache.spark_spark-sql-kafka-0-10_2.12-3.1.2.jar
22/09/01 04:27:42 INFO Executor: Fetching file:///root/.ivy2/jars/org.slf4j_slf4j-api-1.7.30.jar with timestamp 1662006460122
22/09/01 04:27:42 INFO Utils: /root/.ivy2/jars/org.slf4j_slf4j-api-1.7.30.jar has been previously copied to /tmp/spark-bfe5448d-df90-4a8f-938f-f116231ebb35/userFiles-1a579dbe-1d4b-405f-8ee8-a92d864cc8f0/org.slf4j_slf4j-api-1.7.30.jar
22/09/01 04:27:42 INFO Executor: Fetching spark://7f694eecfe0f:36199/jars/org.spark-project.spark_unused-1.0.0.jar with timestamp 1662006460122
22/09/01 04:27:42 INFO TransportClientFactory: Successfully created connection to 7f694eecfe0f/172.20.0.5:36199 after 52 ms (0 ms spent in bootstraps)
22/09/01 04:27:42 INFO Utils: Fetching spark://7f694eecfe0f:36199/jars/org.spark-project.spark_unused-1.0.0.jar to /tmp/spark-bfe5448d-df90-4a8f-938f-f116231ebb35/userFiles-1a579dbe-1d4b-405f-8ee8-a92d864cc8f0/fetchFileTemp4596536900604291646.tmp
22/09/01 04:27:42 INFO Utils: /tmp/spark-bfe5448d-df90-4a8f-938f-f116231ebb35/userFiles-1a579dbe-1d4b-405f-8ee8-a92d864cc8f0/fetchFileTemp4596536900604291646.tmp has been previously copied to /tmp/spark-bfe5448d-df90-4a8f-938f-f116231ebb35/userFiles-1a579dbe-1d4b-405f-8ee8-a92d864cc8f0/org.spark-project.spark_unused-1.0.0.jar
22/09/01 04:27:42 INFO Executor: Adding file:/tmp/spark-bfe5448d-df90-4a8f-938f-f116231ebb35/userFiles-1a579dbe-1d4b-405f-8ee8-a92d864cc8f0/org.spark-project.spark_unused-1.0.0.jar to class loader
22/09/01 04:27:42 INFO Executor: Fetching spark://7f694eecfe0f:36199/jars/org.apache.kafka_kafka-clients-2.6.0.jar with timestamp 1662006460122
22/09/01 04:27:42 INFO Utils: Fetching spark://7f694eecfe0f:36199/jars/org.apache.kafka_kafka-clients-2.6.0.jar to /tmp/spark-bfe5448d-df90-4a8f-938f-f116231ebb35/userFiles-1a579dbe-1d4b-405f-8ee8-a92d864cc8f0/fetchFileTemp8777714143005729379.tmp
22/09/01 04:27:42 INFO Utils: /tmp/spark-bfe5448d-df90-4a8f-938f-f116231ebb35/userFiles-1a579dbe-1d4b-405f-8ee8-a92d864cc8f0/fetchFileTemp8777714143005729379.tmp has been previously copied to /tmp/spark-bfe5448d-df90-4a8f-938f-f116231ebb35/userFiles-1a579dbe-1d4b-405f-8ee8-a92d864cc8f0/org.apache.kafka_kafka-clients-2.6.0.jar
22/09/01 04:27:42 INFO Executor: Adding file:/tmp/spark-bfe5448d-df90-4a8f-938f-f116231ebb35/userFiles-1a579dbe-1d4b-405f-8ee8-a92d864cc8f0/org.apache.kafka_kafka-clients-2.6.0.jar to class loader
22/09/01 04:27:42 INFO Executor: Fetching spark://7f694eecfe0f:36199/jars/org.xerial.snappy_snappy-java-1.1.8.2.jar with timestamp 1662006460122
22/09/01 04:27:42 INFO Utils: Fetching spark://7f694eecfe0f:36199/jars/org.xerial.snappy_snappy-java-1.1.8.2.jar to /tmp/spark-bfe5448d-df90-4a8f-938f-f116231ebb35/userFiles-1a579dbe-1d4b-405f-8ee8-a92d864cc8f0/fetchFileTemp2875432772570586224.tmp
22/09/01 04:27:42 INFO Utils: /tmp/spark-bfe5448d-df90-4a8f-938f-f116231ebb35/userFiles-1a579dbe-1d4b-405f-8ee8-a92d864cc8f0/fetchFileTemp2875432772570586224.tmp has been previously copied to /tmp/spark-bfe5448d-df90-4a8f-938f-f116231ebb35/userFiles-1a579dbe-1d4b-405f-8ee8-a92d864cc8f0/org.xerial.snappy_snappy-java-1.1.8.2.jar
22/09/01 04:27:42 INFO Executor: Adding file:/tmp/spark-bfe5448d-df90-4a8f-938f-f116231ebb35/userFiles-1a579dbe-1d4b-405f-8ee8-a92d864cc8f0/org.xerial.snappy_snappy-java-1.1.8.2.jar to class loader
22/09/01 04:27:42 INFO Executor: Fetching spark://7f694eecfe0f:36199/jars/org.lz4_lz4-java-1.7.1.jar with timestamp 1662006460122
22/09/01 04:27:42 INFO Utils: Fetching spark://7f694eecfe0f:36199/jars/org.lz4_lz4-java-1.7.1.jar to /tmp/spark-bfe5448d-df90-4a8f-938f-f116231ebb35/userFiles-1a579dbe-1d4b-405f-8ee8-a92d864cc8f0/fetchFileTemp4940971266673546656.tmp
22/09/01 04:27:42 INFO Utils: /tmp/spark-bfe5448d-df90-4a8f-938f-f116231ebb35/userFiles-1a579dbe-1d4b-405f-8ee8-a92d864cc8f0/fetchFileTemp4940971266673546656.tmp has been previously copied to /tmp/spark-bfe5448d-df90-4a8f-938f-f116231ebb35/userFiles-1a579dbe-1d4b-405f-8ee8-a92d864cc8f0/org.lz4_lz4-java-1.7.1.jar
22/09/01 04:27:42 INFO Executor: Adding file:/tmp/spark-bfe5448d-df90-4a8f-938f-f116231ebb35/userFiles-1a579dbe-1d4b-405f-8ee8-a92d864cc8f0/org.lz4_lz4-java-1.7.1.jar to class loader
22/09/01 04:27:42 INFO Executor: Fetching spark://7f694eecfe0f:36199/jars/org.apache.spark_spark-sql-kafka-0-10_2.12-3.1.2.jar with timestamp 1662006460122
22/09/01 04:27:42 INFO Utils: Fetching spark://7f694eecfe0f:36199/jars/org.apache.spark_spark-sql-kafka-0-10_2.12-3.1.2.jar to /tmp/spark-bfe5448d-df90-4a8f-938f-f116231ebb35/userFiles-1a579dbe-1d4b-405f-8ee8-a92d864cc8f0/fetchFileTemp937214285206049526.tmp
22/09/01 04:27:42 INFO Utils: /tmp/spark-bfe5448d-df90-4a8f-938f-f116231ebb35/userFiles-1a579dbe-1d4b-405f-8ee8-a92d864cc8f0/fetchFileTemp937214285206049526.tmp has been previously copied to /tmp/spark-bfe5448d-df90-4a8f-938f-f116231ebb35/userFiles-1a579dbe-1d4b-405f-8ee8-a92d864cc8f0/org.apache.spark_spark-sql-kafka-0-10_2.12-3.1.2.jar
22/09/01 04:27:42 INFO Executor: Adding file:/tmp/spark-bfe5448d-df90-4a8f-938f-f116231ebb35/userFiles-1a579dbe-1d4b-405f-8ee8-a92d864cc8f0/org.apache.spark_spark-sql-kafka-0-10_2.12-3.1.2.jar to class loader
22/09/01 04:27:42 INFO Executor: Fetching spark://7f694eecfe0f:36199/jars/org.apache.commons_commons-pool2-2.6.2.jar with timestamp 1662006460122
22/09/01 04:27:42 INFO Utils: Fetching spark://7f694eecfe0f:36199/jars/org.apache.commons_commons-pool2-2.6.2.jar to /tmp/spark-bfe5448d-df90-4a8f-938f-f116231ebb35/userFiles-1a579dbe-1d4b-405f-8ee8-a92d864cc8f0/fetchFileTemp8620321683306702166.tmp
22/09/01 04:27:42 INFO Utils: /tmp/spark-bfe5448d-df90-4a8f-938f-f116231ebb35/userFiles-1a579dbe-1d4b-405f-8ee8-a92d864cc8f0/fetchFileTemp8620321683306702166.tmp has been previously copied to /tmp/spark-bfe5448d-df90-4a8f-938f-f116231ebb35/userFiles-1a579dbe-1d4b-405f-8ee8-a92d864cc8f0/org.apache.commons_commons-pool2-2.6.2.jar
22/09/01 04:27:42 INFO Executor: Adding file:/tmp/spark-bfe5448d-df90-4a8f-938f-f116231ebb35/userFiles-1a579dbe-1d4b-405f-8ee8-a92d864cc8f0/org.apache.commons_commons-pool2-2.6.2.jar to class loader
22/09/01 04:27:42 INFO Executor: Fetching spark://7f694eecfe0f:36199/jars/com.github.luben_zstd-jni-1.4.8-1.jar with timestamp 1662006460122
22/09/01 04:27:42 INFO Utils: Fetching spark://7f694eecfe0f:36199/jars/com.github.luben_zstd-jni-1.4.8-1.jar to /tmp/spark-bfe5448d-df90-4a8f-938f-f116231ebb35/userFiles-1a579dbe-1d4b-405f-8ee8-a92d864cc8f0/fetchFileTemp7044642732960561766.tmp
22/09/01 04:27:42 INFO Utils: /tmp/spark-bfe5448d-df90-4a8f-938f-f116231ebb35/userFiles-1a579dbe-1d4b-405f-8ee8-a92d864cc8f0/fetchFileTemp7044642732960561766.tmp has been previously copied to /tmp/spark-bfe5448d-df90-4a8f-938f-f116231ebb35/userFiles-1a579dbe-1d4b-405f-8ee8-a92d864cc8f0/com.github.luben_zstd-jni-1.4.8-1.jar
22/09/01 04:27:42 INFO Executor: Adding file:/tmp/spark-bfe5448d-df90-4a8f-938f-f116231ebb35/userFiles-1a579dbe-1d4b-405f-8ee8-a92d864cc8f0/com.github.luben_zstd-jni-1.4.8-1.jar to class loader
22/09/01 04:27:42 INFO Executor: Fetching spark://7f694eecfe0f:36199/jars/org.slf4j_slf4j-api-1.7.30.jar with timestamp 1662006460122
22/09/01 04:27:42 INFO Utils: Fetching spark://7f694eecfe0f:36199/jars/org.slf4j_slf4j-api-1.7.30.jar to /tmp/spark-bfe5448d-df90-4a8f-938f-f116231ebb35/userFiles-1a579dbe-1d4b-405f-8ee8-a92d864cc8f0/fetchFileTemp7418638503797058637.tmp
22/09/01 04:27:42 INFO Utils: /tmp/spark-bfe5448d-df90-4a8f-938f-f116231ebb35/userFiles-1a579dbe-1d4b-405f-8ee8-a92d864cc8f0/fetchFileTemp7418638503797058637.tmp has been previously copied to /tmp/spark-bfe5448d-df90-4a8f-938f-f116231ebb35/userFiles-1a579dbe-1d4b-405f-8ee8-a92d864cc8f0/org.slf4j_slf4j-api-1.7.30.jar
22/09/01 04:27:42 INFO Executor: Adding file:/tmp/spark-bfe5448d-df90-4a8f-938f-f116231ebb35/userFiles-1a579dbe-1d4b-405f-8ee8-a92d864cc8f0/org.slf4j_slf4j-api-1.7.30.jar to class loader
22/09/01 04:27:42 INFO Executor: Fetching spark://7f694eecfe0f:36199/jars/org.apache.spark_spark-token-provider-kafka-0-10_2.12-3.1.2.jar with timestamp 1662006460122
22/09/01 04:27:42 INFO Utils: Fetching spark://7f694eecfe0f:36199/jars/org.apache.spark_spark-token-provider-kafka-0-10_2.12-3.1.2.jar to /tmp/spark-bfe5448d-df90-4a8f-938f-f116231ebb35/userFiles-1a579dbe-1d4b-405f-8ee8-a92d864cc8f0/fetchFileTemp2024349193035017338.tmp
22/09/01 04:27:42 INFO Utils: /tmp/spark-bfe5448d-df90-4a8f-938f-f116231ebb35/userFiles-1a579dbe-1d4b-405f-8ee8-a92d864cc8f0/fetchFileTemp2024349193035017338.tmp has been previously copied to /tmp/spark-bfe5448d-df90-4a8f-938f-f116231ebb35/userFiles-1a579dbe-1d4b-405f-8ee8-a92d864cc8f0/org.apache.spark_spark-token-provider-kafka-0-10_2.12-3.1.2.jar
22/09/01 04:27:42 INFO Executor: Adding file:/tmp/spark-bfe5448d-df90-4a8f-938f-f116231ebb35/userFiles-1a579dbe-1d4b-405f-8ee8-a92d864cc8f0/org.apache.spark_spark-token-provider-kafka-0-10_2.12-3.1.2.jar to class loader
22/09/01 04:27:42 INFO Utils: Successfully started service 'org.apache.spark.network.netty.NettyBlockTransferService' on port 42925.
22/09/01 04:27:42 INFO NettyBlockTransferService: Server created on 7f694eecfe0f:42925
22/09/01 04:27:42 INFO BlockManager: Using org.apache.spark.storage.RandomBlockReplicationPolicy for block replication policy
22/09/01 04:27:42 INFO BlockManagerMaster: Registering BlockManager BlockManagerId(driver, 7f694eecfe0f, 42925, None)
22/09/01 04:27:42 INFO BlockManagerMasterEndpoint: Registering block manager 7f694eecfe0f:42925 with 366.3 MiB RAM, BlockManagerId(driver, 7f694eecfe0f, 42925, None)
22/09/01 04:27:42 INFO BlockManagerMaster: Registered BlockManager BlockManagerId(driver, 7f694eecfe0f, 42925, None)
22/09/01 04:27:42 INFO BlockManager: Initialized BlockManager: BlockManagerId(driver, 7f694eecfe0f, 42925, None)
22/09/01 04:27:43 INFO SharedState: Setting hive.metastore.warehouse.dir ('null') to the value of spark.sql.warehouse.dir.
22/09/01 04:27:43 INFO SharedState: Warehouse path is 'file:/opt/bitnami/spark/spark-warehouse'.
22/09/01 04:27:49 WARN ResolveWriteToStream: Temporary checkpoint location created which is deleted normally when the query didn't fail: /tmp/temporary-24baafa6-6be3-4e23-b2d3-d2e4e76b7a97. If it's required to delete it under any circumstances, please set spark.sql.streaming.forceDeleteTempCheckpointLocation to true. Important to know deleting temp checkpoint folder is best effort.
22/09/01 04:27:49 WARN ResolveWriteToStream: spark.sql.adaptive.enabled is not supported in streaming DataFrames/Datasets and will be disabled.
-------------------------------------------
Batch: 0
-------------------------------------------
+--------------------+-----+
|            customer|score|
+--------------------+-----+
|Suresh.Spencer@te...|  2.5|
|Edward.Jackson@te...|-31.0|
|Christina.Anandh@...| 18.5|
|Danny.Lincoln@tes...|-31.0|
|Angie.Doshi@test.com| 19.0|
|Suresh.Staples@te...| -5.0|
|Santosh.Jefferson...| -1.5|
|Craig.Anandh@test...| -1.0|
|Spencer.Abram@tes...| -2.0|
|Ashley.Jefferson@...| -2.5|
|Suresh.Jackson@te...| -2.5|
|Craig.Howard@test...| -5.0|
|Sarah.Howard@test...| -5.5|
|Lyn.Aristotle@tes...| -4.0|
|Chris.Anderson@te...| 33.0|
|Dan.Habschied@tes...|-13.0|
| Larry.Huey@test.com| 15.0|
|Frank.Howard@test...|  3.5|
|Craig.Gonzalez@te...| 37.5|
|Suresh.Huey@test.com| -8.0|
+--------------------+-----+
only showing top 20 rows

-------------------------------------------
Batch: 1
-------------------------------------------
+--------------------+-----+
|            customer|score|
+--------------------+-----+
|Craig.Gonzalez@te...|  6.5|
|Suresh.Huey@test.com|-16.0|
+--------------------+-----+

-------------------------------------------
Batch: 2
-------------------------------------------
+--------------------+-----+
|            customer|score|
+--------------------+-----+
|Travis.Ahmed@test...|-23.0|
+--------------------+-----+

-------------------------------------------
Batch: 3
-------------------------------------------
+--------------------+-----+
|            customer|score|
+--------------------+-----+
|Senthil.Phillips@...| 13.5|
+--------------------+-----+

-------------------------------------------
Batch: 4
-------------------------------------------
+--------------------+-----+
|            customer|score|
+--------------------+-----+
|Chris.Doshi@test.com|-16.5|
+--------------------+-----+

-------------------------------------------
Batch: 5
-------------------------------------------
+--------------------+-----+
|            customer|score|
+--------------------+-----+
|Jason.Jones@test.com|  0.0|
+--------------------+-----+

-------------------------------------------
Batch: 6
-------------------------------------------
+--------------------+-----+
|            customer|score|
+--------------------+-----+
|Trevor.Jefferson@...| -3.0|
+--------------------+-----+

-------------------------------------------
Batch: 7
-------------------------------------------
+--------------------+-----+
|            customer|score|
+--------------------+-----+
|Suresh.Spencer@te...|-20.0|
+--------------------+-----+

-------------------------------------------
Batch: 8
-------------------------------------------
+--------------------+-----+
|            customer|score|
+--------------------+-----+
|Edward.Jackson@te...| -1.0|
+--------------------+-----+

-------------------------------------------
Batch: 9
-------------------------------------------
+--------------------+-----+
|            customer|score|
+--------------------+-----+
|Christina.Anandh@...| 10.0|
+--------------------+-----+

-------------------------------------------
Batch: 10
-------------------------------------------
+--------------------+-----+
|            customer|score|
+--------------------+-----+
|Danny.Lincoln@tes...|  4.5|
+--------------------+-----+

-------------------------------------------
Batch: 11
-------------------------------------------
+--------------------+-----+
|            customer|score|
+--------------------+-----+
|Angie.Doshi@test.com|-34.0|
+--------------------+-----+

-------------------------------------------
Batch: 12
-------------------------------------------
+--------------------+-----+
|            customer|score|
+--------------------+-----+
|Suresh.Staples@te...| -1.0|
+--------------------+-----+

-------------------------------------------
Batch: 13
-------------------------------------------
+--------------------+-----+
|            customer|score|
+--------------------+-----+
|Santosh.Jefferson...| -1.5|
+--------------------+-----+

-------------------------------------------
Batch: 14
-------------------------------------------
+--------------------+-----+
|            customer|score|
+--------------------+-----+
|Craig.Anandh@test...| -3.5|
+--------------------+-----+

-------------------------------------------
Batch: 15
-------------------------------------------
+--------------------+-----+
|            customer|score|
+--------------------+-----+
|Spencer.Abram@tes...| -4.0|
+--------------------+-----+
